<?xml version="1.0" encoding="UTF-8"?>
<!-- Generated by org.testng.reporters.JUnitXMLReporter -->
<testsuite hostname="DESKTOP-3AEADCQ" ignored="0" name="Default test" tests="6" failures="0" timestamp="02 Nov 2018 03:11:14 GMT" time="136.186" errors="0">
  <testcase name="createContactTest" time="7.468" classname="com.hubspot.qa.tests.ContactsPageTest"/>
  <testcase name="createContactTest" time="7.257" classname="com.hubspot.qa.tests.ContactsPageTest"/>
  <testcase name="createContactTest" time="7.616" classname="com.hubspot.qa.tests.ContactsPageTest"/>
  <testcase name="createContactTest" time="6.514" classname="com.hubspot.qa.tests.ContactsPageTest"/>
  <testcase name="createContactTest" time="4.784" classname="com.hubspot.qa.tests.ContactsPageTest"/>
  <testcase name="createContactTest" time="6.134" classname="com.hubspot.qa.tests.ContactsPageTest"/>
</testsuite> <!-- Default test -->
