<?xml version="1.0" encoding="UTF-8"?>
<testng-results skipped="0" failed="0" ignored="0" total="2" passed="2">
  <reporter-output>
  </reporter-output>
  <suite name="Default suite" duration-ms="13829" started-at="2018-11-02T10:48:44Z" finished-at="2018-11-02T10:48:58Z">
    <groups>
    </groups>
    <test name="Default test" duration-ms="13829" started-at="2018-11-02T10:48:44Z" finished-at="2018-11-02T10:48:58Z">
      <class name="com.hubspot.qa.tests.LoginTest">
        <test-method status="PASS" signature="setup()[pri:0, instance:com.hubspot.qa.tests.LoginTest@26653222]" name="setup" is-config="true" duration-ms="6090" started-at="2018-11-02T10:48:44Z" finished-at="2018-11-02T10:48:50Z">
          <reporter-output>
          </reporter-output>
        </test-method> <!-- setup -->
        <test-method status="PASS" signature="verifyLoginPageTitleTest()[pri:1, instance:com.hubspot.qa.tests.LoginTest@26653222]" name="verifyLoginPageTitleTest" duration-ms="18" started-at="2018-11-02T10:48:50Z" finished-at="2018-11-02T10:48:50Z">
          <reporter-output>
          </reporter-output>
        </test-method> <!-- verifyLoginPageTitleTest -->
        <test-method status="PASS" signature="tearDown()[pri:0, instance:com.hubspot.qa.tests.LoginTest@26653222]" name="tearDown" is-config="true" duration-ms="732" started-at="2018-11-02T10:48:50Z" finished-at="2018-11-02T10:48:51Z">
          <reporter-output>
          </reporter-output>
        </test-method> <!-- tearDown -->
        <test-method status="PASS" signature="setup()[pri:0, instance:com.hubspot.qa.tests.LoginTest@26653222]" name="setup" is-config="true" duration-ms="5843" started-at="2018-11-02T10:48:51Z" finished-at="2018-11-02T10:48:57Z">
          <reporter-output>
          </reporter-output>
        </test-method> <!-- setup -->
        <test-method status="PASS" signature="loginTest()[pri:2, instance:com.hubspot.qa.tests.LoginTest@26653222]" name="loginTest" duration-ms="386" started-at="2018-11-02T10:48:57Z" finished-at="2018-11-02T10:48:57Z">
          <reporter-output>
          </reporter-output>
        </test-method> <!-- loginTest -->
        <test-method status="PASS" signature="tearDown()[pri:0, instance:com.hubspot.qa.tests.LoginTest@26653222]" name="tearDown" is-config="true" duration-ms="719" started-at="2018-11-02T10:48:57Z" finished-at="2018-11-02T10:48:58Z">
          <reporter-output>
          </reporter-output>
        </test-method> <!-- tearDown -->
      </class> <!-- com.hubspot.qa.tests.LoginTest -->
    </test> <!-- Default test -->
  </suite> <!-- Default suite -->
</testng-results>
